[2025-06-13 04:36:54] 
##############################################################################
#                                                                            #
# Starting HADDOCK2.5                                                        #
#                                                                            #
#         N-components version of HADDOCK (current maximum is 20)            #
#                                                                            #
#   Copyright 2003-2024 Alexandre Bonvin, Utrecht University.                #
#   Originally adapted from Aria 1.2 from Nilges and Linge, EMBL.            #
#   All rights reserved.                                                     #
#   This code is part of the HADDOCK software and governed by its            #
#   license. Please see the LICENSE file that should have been included      #
#   as part of this package.                                                 #
#                                                                            #
##############################################################################
    
[2025-06-13 04:36:54] Starting HADDOCK
[2025-06-13 04:36:54] HADDOCK version: 2.5 - December 2024
[2025-06-13 04:36:54] Parsing run.cns file
[2025-06-13 04:36:54] Parsing run.param in /trinity/rascar/enmr/csb_webserver/data/runs/haddock24/userrun00504120/run1/data
[2025-06-13 04:36:54] Reading parameters from the file /trinity/rascar/enmr/csb_webserver/data/runs/haddock24/userrun00504120/run1/data/run.param
[2025-06-13 04:36:54]   setting some variables:
[2025-06-13 04:36:54]     HADDOCK_DIR set to: /trinity/rascar/enmr/software/haddock2.5
[2025-06-13 04:36:54]     N_COMP set to: 2
[2025-06-13 04:36:54]     PDB_FILE1 set to: protein1.pdb
[2025-06-13 04:36:54]     PROT_SEGID_1 set to: A
[2025-06-13 04:36:54]     PDB_FILE2 set to: protein2.pdb
[2025-06-13 04:36:54]     PROT_SEGID_2 set to: B
[2025-06-13 04:36:54]     PROJECT_DIR set to: .
[2025-06-13 04:36:54]     RUN_NUMBER set to: 1
[2025-06-13 04:36:54]   HADDOCK_DIR /trinity/rascar/enmr/software/haddock2.5
[2025-06-13 04:36:54]   N_COMP 2
[2025-06-13 04:36:54]   PDB_FILE1 protein1.pdb
[2025-06-13 04:36:54]   PROT_SEGID_1 A
[2025-06-13 04:36:54]   PDB_FILE2 protein2.pdb
[2025-06-13 04:36:54]   PROT_SEGID_2 B
[2025-06-13 04:36:54]   PROJECT_DIR .
[2025-06-13 04:36:54]   RUN_NUMBER 1
[2025-06-13 04:36:54] Looking for existing files
[2025-06-13 04:36:54] waterdock false
[2025-06-13 04:36:54] Generating PSF and PDB file of molecule 1
[2025-06-13 04:36:54] Generating PSF and PDB file of molecule 2
[2025-06-13 04:36:54]   waiting for the psf files...
[2025-06-13 04:36:54]   waiting for the psf files...
[2025-06-13 04:37:05]   waiting for the psf files...
[2025-06-13 04:37:15]   waiting for the psf files...
[2025-06-13 04:37:25]   waiting for the psf files...
[2025-06-13 04:37:35]   waiting for the psf files...
[2025-06-13 04:37:45]   waiting for the psf files...
[2025-06-13 04:38:05] Merging topologies and coordinates files
[2025-06-13 04:38:07]   waiting for the merged files...
[2025-06-13 04:38:18] Looking for iteration 0
[2025-06-13 04:38:18] Starting rigid-body docking: 1000 structures
[2025-06-13 04:38:18] Initiating job submission...
[2025-06-13 04:50:50]   stage 0: 1000 structures remaining, 1000 running, 0 completed, 1000 total
[2025-06-13 04:52:52]   stage 0: 700 structures remaining, 400 running, 300 completed, 1000 total
[2025-06-13 04:54:52]   stage 0: 320 structures remaining, 240 running, 680 completed, 1000 total
[2025-06-13 04:56:53]   stage 0: 300 structures remaining, 280 running, 700 completed, 1000 total
[2025-06-13 05:00:54]   stage 0: 100 structures remaining, 100 running, 900 completed, 1000 total
[2025-06-13 05:03:04] Looking for iteration 1
[2025-06-13 05:03:04] Starting semi-flexible refinement: 200 structures
[2025-06-13 05:03:04] Initiating job submission...
[2025-06-13 05:15:44]   stage 1: 200 structures remaining, 200 running, 0 completed, 200 total
[2025-06-13 05:17:45]   stage 1: 160 structures remaining, 125 running, 40 completed, 200 total
[2025-06-13 05:19:45]   stage 1: 130 structures remaining, 110 running, 70 completed, 200 total
[2025-06-13 05:19:45]   Waiting to restart job...
[2025-06-13 05:31:46]   stage 1: 1 structures remaining, 1 running, 199 completed, 200 total
[2025-06-13 05:33:56] Starting analysis scripts for /trinity/rascar/enmr/csb_webserver/data/runs/haddock24/userrun00504120/run1/structures/it1
[2025-06-13 05:33:56]   calculating average structure and similarity matrices
[2025-06-13 05:33:56]   waiting for the average structure...
[2025-06-13 05:34:36]   running analysis scripts...
[2025-06-13 05:34:41]     calculating pairwise rmsd matrix
[2025-06-13 05:34:43] Starting final refinement: 200 structures
[2025-06-13 05:34:43] Initiating job submission...
[2025-06-13 05:45:23]   stage 2: 200 structures remaining, 200 running, 0 completed, 200 total
[2025-06-13 05:47:23]   stage 2: 195 structures remaining, 190 running, 5 completed, 200 total
[2025-06-13 05:49:24]   stage 2: 185 structures remaining, 175 running, 15 completed, 200 total
[2025-06-13 05:51:24]   stage 2: 60 structures remaining, 0 running, 140 completed, 200 total
[2025-06-13 05:55:24]   stage 2: 55 structures remaining, 55 running, 145 completed, 200 total
[2025-06-13 05:57:24]   stage 2: 30 structures remaining, 15 running, 170 completed, 200 total
[2025-06-13 05:59:24]   stage 2: 5 structures remaining, 0 running, 195 completed, 200 total
[2025-06-13 06:01:34] Starting analysis scripts for /trinity/rascar/enmr/csb_webserver/data/runs/haddock24/userrun00504120/run1/structures/it1/water
[2025-06-13 06:01:34]   calculating average structure and similarity matrices
[2025-06-13 06:01:34]   waiting for the average structure...
[2025-06-13 06:02:14]   running analysis scripts...
[2025-06-13 06:02:19]     calculating pairwise rmsd matrix
[2025-06-13 06:02:21]   waiting for the matrix file in it1/analysis...
[2025-06-13 06:02:21] Matrix file in it1/analysis is found
[2025-06-13 06:02:21] Running clustering for it1/
[2025-06-13 06:02:21] Clustering in /trinity/rascar/enmr/csb_webserver/data/runs/haddock24/userrun00504120/run1/structures/it1/analysis DONE
[2025-06-13 06:02:21] Check file /trinity/rascar/enmr/csb_webserver/data/runs/haddock24/userrun00504120/run1/structures/it1/analysis/cluster.out
[2025-06-13 06:02:31]   waiting for the matrix file in water/analysis...
[2025-06-13 06:05:51] Matrix file in water/analysis is found
[2025-06-13 06:05:51] Running clustering for it1/water
[2025-06-13 06:05:51] Running cluster in /trinity/rascar/enmr/csb_webserver/data/runs/haddock24/userrun00504120/run1/structures/it1/water/analysis
[2025-06-13 06:05:51] Clustering in /trinity/rascar/enmr/csb_webserver/data/runs/haddock24/userrun00504120/run1/structures/it1/water/analysis DONE
[2025-06-13 06:05:51] Check file /trinity/rascar/enmr/csb_webserver/data/runs/haddock24/userrun00504120/run1/structures/it1/water/analysis/cluster.out
[2025-06-13 06:05:51] Cleaning up the run directory...
[2025-06-13 06:05:54] Only files for structure #1 will be kept...
[2025-06-13 06:05:54] 
[2025-06-13 06:05:54] ##############################################################################
[2025-06-13 06:05:54] Finishing HADDOCK
[2025-06-13 06:05:54] Au revoir. Tot ziens. Bye bye.
[2025-06-13 06:05:54] 
##############################################################################
#                                                                            #
# Starting HADDOCK2.5                                                        #
#                                                                            #
#         N-components version of HADDOCK (current maximum is 20)            #
#                                                                            #
#   Copyright 2003-2024 Alexandre Bonvin, Utrecht University.                #
#   Originally adapted from Aria 1.2 from Nilges and Linge, EMBL.            #
#   All rights reserved.                                                     #
#   This code is part of the HADDOCK software and governed by its            #
#   license. Please see the LICENSE file that should have been included      #
#   as part of this package.                                                 #
#                                                                            #
##############################################################################
    
[2025-06-13 06:05:54] Starting HADDOCK
[2025-06-13 06:05:54] HADDOCK version: 2.5 - December 2024
[2025-06-13 06:05:54] Parsing run.cns file
[2025-06-13 06:05:54] Parsing run.param in /trinity/rascar/enmr/csb_webserver/data/runs/haddock24/userrun00504120/run1/data
[2025-06-13 06:05:54] Reading parameters from the file /trinity/rascar/enmr/csb_webserver/data/runs/haddock24/userrun00504120/run1/data/run.param
[2025-06-13 06:05:54]   setting some variables:
[2025-06-13 06:05:54]     HADDOCK_DIR set to: /trinity/rascar/enmr/software/haddock2.5
[2025-06-13 06:05:54]     N_COMP set to: 2
[2025-06-13 06:05:54]     PDB_FILE1 set to: protein1.pdb
[2025-06-13 06:05:54]     PROT_SEGID_1 set to: A
[2025-06-13 06:05:54]     PDB_FILE2 set to: protein2.pdb
[2025-06-13 06:05:54]     PROT_SEGID_2 set to: B
[2025-06-13 06:05:54]     PROJECT_DIR set to: .
[2025-06-13 06:05:54]     RUN_NUMBER set to: 1
[2025-06-13 06:05:54]   HADDOCK_DIR /trinity/rascar/enmr/software/haddock2.5
[2025-06-13 06:05:54]   N_COMP 2
[2025-06-13 06:05:54]   PDB_FILE1 protein1.pdb
[2025-06-13 06:05:54]   PROT_SEGID_1 A
[2025-06-13 06:05:54]   PDB_FILE2 protein2.pdb
[2025-06-13 06:05:54]   PROT_SEGID_2 B
[2025-06-13 06:05:54]   PROJECT_DIR .
[2025-06-13 06:05:54]   RUN_NUMBER 1
[2025-06-13 06:05:54] Looking for existing files
[2025-06-13 06:05:54] waterdock false
[2025-06-13 06:06:04] Looking for iteration 0
[2025-06-13 06:06:04] file.list exists => iteration 0 finished.
[2025-06-13 06:06:04] Looking for iteration 1
[2025-06-13 06:06:04] file.list exists => iteration 1 finished.
[2025-06-13 06:06:04] CNS analysis files found in the it1/analysis directory.
[2025-06-13 06:06:04] To rerun the analysis delete the file 'DONE' in that directory.
[2025-06-13 06:06:04] File it1/water/file.list already exists => water refinement done.
[2025-06-13 06:06:04] CNS analysis files found in the it1/water/analysis directory.
[2025-06-13 06:06:04] To rerun the analysis delete the 'DONE' file in that directory.
[2025-06-13 06:06:04] Cluster file in it1/analysis already exist.
[2025-06-13 06:06:04] To rerun the clustering delete the 'CLUST_DONE' file in the analysis directory.
[2025-06-13 06:06:14] Cluster file in it1/water/analysis already exist.
[2025-06-13 06:06:14] To rerun the clustering delete the 'CLUST_DONE' file in the analysis directory.
[2025-06-13 06:06:14] Cleaning up the run directory...
[2025-06-13 06:06:14] Only files for structure #1 will be kept...
[2025-06-13 06:06:14] 
[2025-06-13 06:06:14] ##############################################################################
[2025-06-13 06:06:14] Finishing HADDOCK
[2025-06-13 06:06:14] Au revoir. Tot ziens. Bye bye.
Only files for structure #1 will be kept...
+ BEGIN: Fri Jun 13 06:06:44 2025
+ Parsing 201 contact files
+ Calculating Matrix
+ Writing matrix to <stdout>
+ END: Fri Jun 13 06:06:44 2025 [  0.01 seconds elapsed]
mv: No match.
/trinity/rascar/enmr/csb_webserver/data/results/haddock24/9637017235/504120-PZ041_PET/structures/it1/water/CAPRI_analysis/../analysis//RMSD_Calc.sh: line 58: [: ==: unary operator expected
/trinity/rascar/enmr/csb_webserver/data/results/haddock24/9637017235/504120-PZ041_PET/structures/it1/water/CAPRI_analysis/../analysis//RMSD_Calc.sh: line 192: [: missing `]'
/trinity/rascar/enmr/csb_webserver/data/results/haddock24/9637017235/504120-PZ041_PET/structures/it1/water/CAPRI_analysis/../analysis//RMSD_Calc.sh: line 58: [: ==: unary operator expected
/trinity/rascar/enmr/csb_webserver/data/results/haddock24/9637017235/504120-PZ041_PET/structures/it1/water/CAPRI_analysis/../analysis//RMSD_Calc.sh: line 192: [: missing `]'
rm: No match.
/usr/bin/ls: write error: Broken pipe
